<?xml version="1.0" encoding="UTF-8"?>
<!-- Generated by org.testng.reporters.JUnitXMLReporter -->
<testsuite ignored="0" hostname="DESKTOP-M320DHQ" failures="0" tests="4" name="Default test" time="9.475" errors="0" timestamp="2024-06-17T16:07:08 IST">
  <testcase classname="api.test.UserTests" name="testPostUser" time="4.449"/>
  <testcase classname="api.test.UserTests" name="testGetUserByName" time="1.613"/>
  <testcase classname="api.test.UserTests" name="testUpdateUserByName" time="1.521"/>
  <testcase classname="api.test.UserTests" name="testDeleteUserByName" time="1.536"/>
</testsuite> <!-- Default test -->
