<?xml version="1.0" encoding="UTF-8"?>
<testng-results ignored="0" total="4" passed="4" failed="0" skipped="0">
  <reporter-output>
  </reporter-output>
  <suite started-at="2024-06-19T23:07:25 IST" name="PetSuite" finished-at="2024-06-19T23:07:35 IST" duration-ms="10618">
    <groups>
    </groups>
    <test started-at="2024-06-19T23:07:25 IST" name="Test" finished-at="2024-06-19T23:07:35 IST" duration-ms="10618">
      <class name="api.test.UserTests2">
        <test-method is-config="true" signature="setUp()[pri:0, instance:api.test.UserTests2@43195e57]" started-at="2024-06-19T23:07:25 IST" name="setUp" finished-at="2024-06-19T23:07:26 IST" duration-ms="1030" status="PASS">
          <reporter-output>
          </reporter-output>
        </test-method> <!-- setUp -->
        <test-method signature="testPostUser()[pri:1, instance:api.test.UserTests2@43195e57]" started-at="2024-06-19T23:07:26 IST" name="testPostUser" finished-at="2024-06-19T23:07:31 IST" duration-ms="4444" status="PASS">
          <reporter-output>
          </reporter-output>
        </test-method> <!-- testPostUser -->
        <test-method signature="testGetUserByName()[pri:2, instance:api.test.UserTests2@43195e57]" started-at="2024-06-19T23:07:31 IST" name="testGetUserByName" finished-at="2024-06-19T23:07:32 IST" duration-ms="1619" status="PASS">
          <reporter-output>
          </reporter-output>
        </test-method> <!-- testGetUserByName -->
        <test-method signature="testUpdateUserByName()[pri:3, instance:api.test.UserTests2@43195e57]" started-at="2024-06-19T23:07:32 IST" name="testUpdateUserByName" finished-at="2024-06-19T23:07:34 IST" duration-ms="1535" status="PASS">
          <reporter-output>
          </reporter-output>
        </test-method> <!-- testUpdateUserByName -->
        <test-method signature="testDeleteUserByName()[pri:4, instance:api.test.UserTests2@43195e57]" started-at="2024-06-19T23:07:34 IST" name="testDeleteUserByName" finished-at="2024-06-19T23:07:35 IST" duration-ms="1532" status="PASS">
          <reporter-output>
          </reporter-output>
        </test-method> <!-- testDeleteUserByName -->
      </class> <!-- api.test.UserTests2 -->
    </test> <!-- Test -->
  </suite> <!-- PetSuite -->
</testng-results>
