<?xml version="1.0" encoding="UTF-8"?>
<testng-results ignored="0" total="4" passed="4" failed="0" skipped="0">
  <reporter-output>
  </reporter-output>
  <suite started-at="2024-06-17T23:08:21 IST" name="PetSuite" finished-at="2024-06-17T23:08:32 IST" duration-ms="10937">
    <groups>
    </groups>
    <test started-at="2024-06-17T23:08:21 IST" name="Test" finished-at="2024-06-17T23:08:32 IST" duration-ms="10937">
      <class name="api.test.UserTests2">
        <test-method is-config="true" signature="setUp()[pri:0, instance:api.test.UserTests2@7c7b252e]" started-at="2024-06-17T23:08:22 IST" name="setUp" finished-at="2024-06-17T23:08:23 IST" duration-ms="1039" status="PASS">
          <reporter-output>
          </reporter-output>
        </test-method> <!-- setUp -->
        <test-method signature="testPostUser()[pri:1, instance:api.test.UserTests2@7c7b252e]" started-at="2024-06-17T23:08:23 IST" name="testPostUser" finished-at="2024-06-17T23:08:27 IST" duration-ms="4609" status="PASS">
          <reporter-output>
          </reporter-output>
        </test-method> <!-- testPostUser -->
        <test-method signature="testGetUserByName()[pri:2, instance:api.test.UserTests2@7c7b252e]" started-at="2024-06-17T23:08:27 IST" name="testGetUserByName" finished-at="2024-06-17T23:08:29 IST" duration-ms="1625" status="PASS">
          <reporter-output>
          </reporter-output>
        </test-method> <!-- testGetUserByName -->
        <test-method signature="testUpdateUserByName()[pri:3, instance:api.test.UserTests2@7c7b252e]" started-at="2024-06-17T23:08:29 IST" name="testUpdateUserByName" finished-at="2024-06-17T23:08:31 IST" duration-ms="1631" status="PASS">
          <reporter-output>
          </reporter-output>
        </test-method> <!-- testUpdateUserByName -->
        <test-method signature="testDeleteUserByName()[pri:4, instance:api.test.UserTests2@7c7b252e]" started-at="2024-06-17T23:08:31 IST" name="testDeleteUserByName" finished-at="2024-06-17T23:08:32 IST" duration-ms="1529" status="PASS">
          <reporter-output>
          </reporter-output>
        </test-method> <!-- testDeleteUserByName -->
      </class> <!-- api.test.UserTests2 -->
    </test> <!-- Test -->
  </suite> <!-- PetSuite -->
</testng-results>
