<?xml version="1.0" encoding="UTF-8"?>
<!-- Generated by org.testng.reporters.JUnitXMLReporter -->
<testsuite ignored="0" hostname="DESKTOP-M320DHQ" failures="0" tests="4" name="Test" time="10.937" errors="0" timestamp="2024-06-17T23:08:33 IST">
  <testcase classname="api.test.UserTests2" name="testPostUser" time="4.609"/>
  <testcase classname="api.test.UserTests2" name="testGetUserByName" time="1.625"/>
  <testcase classname="api.test.UserTests2" name="testUpdateUserByName" time="1.631"/>
  <testcase classname="api.test.UserTests2" name="testDeleteUserByName" time="1.529"/>
</testsuite> <!-- Test -->
